[1;32mdocker output will be in this color.[0m

[1;32m==> docker: Creating a temporary directory for sharing data...[0m
[1;32m==> docker: Pulling Docker image: ubuntu[0m
[0;32m    docker: Using default tag: latest[0m
[0;32m    docker: latest: Pulling from library/ubuntu[0m
[0;32m    docker: Digest: sha256:c303f19cfe9ee92badbbbd7567bc1ca47789f79303ddcef56f77687d4744cd7a[0m
[0;32m    docker: Status: Image is up to date for ubuntu:latest[0m
[1;32m==> docker: Starting docker container...[0m
[0;32m    docker: Run command: docker run -v /Users/drudakov/.packer.d/tmp:/packer-files -d -i -t ubuntu /bin/bash[0m
[0;32m    docker: Container ID: d74dcc0b9d216699a1910f21d124c32f1077cd49473cbd9c37b1416f23a55863[0m
[1;32m==> docker: Using docker communicator to connect: 172.17.0.4[0m
[1;32m==> docker: Provisioning with shell script: /var/folders/p5/wz213k9j3lv8k41ptl6q53c40000gp/T/packer-shell279009789[0m
[0;32m    docker: Get:1 http://archive.ubuntu.com/ubuntu bionic InRelease [242 kB][0m
[0;32m    docker: Get:2 http://security.ubuntu.com/ubuntu bionic-security InRelease [88.7 kB][0m
[0;32m    docker: Get:3 http://archive.ubuntu.com/ubuntu bionic-updates InRelease [88.7 kB][0m
[0;32m    docker: Get:4 http://archive.ubuntu.com/ubuntu bionic-backports InRelease [74.6 kB][0m
[0;32m    docker: Get:5 http://archive.ubuntu.com/ubuntu bionic/universe amd64 Packages [11.3 MB][0m
[0;32m    docker: Get:6 http://security.ubuntu.com/ubuntu bionic-security/universe amd64 Packages [730 kB][0m
[0;32m    docker: Get:7 http://security.ubuntu.com/ubuntu bionic-security/multiverse amd64 Packages [4172 B][0m
[0;32m    docker: Get:8 http://security.ubuntu.com/ubuntu bionic-security/main amd64 Packages [597 kB][0m
[0;32m    docker: Get:9 http://security.ubuntu.com/ubuntu bionic-security/restricted amd64 Packages [5436 B][0m
[0;32m    docker: Get:10 http://archive.ubuntu.com/ubuntu bionic/multiverse amd64 Packages [186 kB][0m
[0;32m    docker: Get:11 http://archive.ubuntu.com/ubuntu bionic/main amd64 Packages [1344 kB][0m
[0;32m    docker: Get:12 http://archive.ubuntu.com/ubuntu bionic/restricted amd64 Packages [13.5 kB][0m
[0;32m    docker: Get:13 http://archive.ubuntu.com/ubuntu bionic-updates/main amd64 Packages [905 kB][0m
[0;32m    docker: Get:14 http://archive.ubuntu.com/ubuntu bionic-updates/multiverse amd64 Packages [7254 B][0m
[0;32m    docker: Get:15 http://archive.ubuntu.com/ubuntu bionic-updates/restricted amd64 Packages [10.8 kB][0m
[0;32m    docker: Get:16 http://archive.ubuntu.com/ubuntu bionic-updates/universe amd64 Packages [1253 kB][0m
[0;32m    docker: Get:17 http://archive.ubuntu.com/ubuntu bionic-backports/main amd64 Packages [2496 B][0m
[0;32m    docker: Get:18 http://archive.ubuntu.com/ubuntu bionic-backports/universe amd64 Packages [3930 B][0m
[0;32m    docker: Fetched 16.9 MB in 11s (1497 kB/s)[0m
[0;32m    docker: Reading package lists...[0m
[0;32m    docker: Reading package lists...[0m
[0;32m    docker: Building dependency tree...[0m
[0;32m    docker: Reading state information...[0m
[0;32m    docker: The following additional packages will be installed:[0m
[0;32m    docker:   fontconfig-config fonts-dejavu-core geoip-database iproute2 libatm1 libbsd0[0m
[0;32m    docker:   libelf1 libexpat1 libfontconfig1 libfreetype6 libgd3 libgeoip1 libicu60[0m
[0;32m    docker:   libjbig0 libjpeg-turbo8 libjpeg8 libmnl0 libnginx-mod-http-geoip[0m
[0;32m    docker:   libnginx-mod-http-image-filter libnginx-mod-http-xslt-filter[0m
[0;32m    docker:   libnginx-mod-mail libnginx-mod-stream libpng16-16 libssl1.1 libtiff5[0m
[0;32m    docker:   libwebp6 libx11-6 libx11-data libxau6 libxcb1 libxdmcp6 libxml2 libxpm4[0m
[0;32m    docker:   libxslt1.1 libxtables12 multiarch-support nginx-common nginx-core ucf[0m
[0;32m    docker: Suggested packages:[0m
[0;32m    docker:   iproute2-doc libgd-tools geoip-bin fcgiwrap nginx-doc ssl-cert[0m
[0;32m    docker: The following NEW packages will be installed:[0m
[0;32m    docker:   fontconfig-config fonts-dejavu-core geoip-database iproute2 libatm1 libbsd0[0m
[0;32m    docker:   libelf1 libexpat1 libfontconfig1 libfreetype6 libgd3 libgeoip1 libicu60[0m
[0;32m    docker:   libjbig0 libjpeg-turbo8 libjpeg8 libmnl0 libnginx-mod-http-geoip[0m
[0;32m    docker:   libnginx-mod-http-image-filter libnginx-mod-http-xslt-filter[0m
[0;32m    docker:   libnginx-mod-mail libnginx-mod-stream libpng16-16 libssl1.1 libtiff5[0m
[0;32m    docker:   libwebp6 libx11-6 libx11-data libxau6 libxcb1 libxdmcp6 libxml2 libxpm4[0m
[0;32m    docker:   libxslt1.1 libxtables12 multiarch-support nginx nginx-common nginx-core ucf[0m
[0;32m    docker: 0 upgraded, 40 newly installed, 0 to remove and 0 not upgraded.[0m
[0;32m    docker: Need to get 17.1 MB of archives.[0m
[0;32m    docker: After this operation, 61.9 MB of additional disk space will be used.[0m
[0;32m    docker: Get:1 http://archive.ubuntu.com/ubuntu bionic/main amd64 multiarch-support amd64 2.27-3ubuntu1 [6916 B][0m
[0;32m    docker: Get:2 http://archive.ubuntu.com/ubuntu bionic/main amd64 libxau6 amd64 1:1.0.8-1 [8376 B][0m
[0;32m    docker: Get:3 http://archive.ubuntu.com/ubuntu bionic-updates/main amd64 libjpeg-turbo8 amd64 1.5.2-0ubuntu5.18.04.1 [110 kB][0m
[0;32m    docker: Get:4 http://archive.ubuntu.com/ubuntu bionic-updates/main amd64 libelf1 amd64 0.170-0.4ubuntu0.1 [44.8 kB][0m
[0;32m    docker: Get:5 http://archive.ubuntu.com/ubuntu bionic/main amd64 libmnl0 amd64 1.0.4-2 [12.3 kB][0m
[0;32m    docker: Get:6 http://archive.ubuntu.com/ubuntu bionic/main amd64 iproute2 amd64 4.15.0-2ubuntu1 [721 kB][0m
[0;32m    docker: Get:7 http://archive.ubuntu.com/ubuntu bionic/main amd64 libatm1 amd64 1:2.5.1-2build1 [21.9 kB][0m
[0;32m    docker: Get:8 http://archive.ubuntu.com/ubuntu bionic/main amd64 libbsd0 amd64 0.8.7-1 [41.5 kB][0m
[0;32m    docker: Get:9 http://archive.ubuntu.com/ubuntu bionic-updates/main amd64 libexpat1 amd64 2.2.5-3ubuntu0.1 [80.5 kB][0m
[0;32m    docker: Get:10 http://archive.ubuntu.com/ubuntu bionic/main amd64 libicu60 amd64 60.2-3ubuntu3 [8054 kB][0m
[0;32m    docker: Get:11 http://archive.ubuntu.com/ubuntu bionic-updates/main amd64 libssl1.1 amd64 1.1.1-1ubuntu2.1~18.04.4 [1300 kB][0m
[0;32m    docker: Get:12 http://archive.ubuntu.com/ubuntu bionic-updates/main amd64 libxml2 amd64 2.9.4+dfsg1-6.1ubuntu1.2 [663 kB][0m
[0;32m    docker: Get:13 http://archive.ubuntu.com/ubuntu bionic/main amd64 libxtables12 amd64 1.6.1-2ubuntu2 [27.9 kB][0m
[0;32m    docker: Get:14 http://archive.ubuntu.com/ubuntu bionic/main amd64 ucf all 3.0038 [50.5 kB][0m
[0;32m    docker: Get:15 http://archive.ubuntu.com/ubuntu bionic/main amd64 geoip-database all 20180315-1 [2090 kB][0m
[0;32m    docker: Get:16 http://archive.ubuntu.com/ubuntu bionic/main amd64 libgeoip1 amd64 1.6.12-1 [71.8 kB][0m
[0;32m    docker: Get:17 http://archive.ubuntu.com/ubuntu bionic-updates/main amd64 libpng16-16 amd64 1.6.34-1ubuntu0.18.04.2 [176 kB][0m
[0;32m    docker: Get:18 http://archive.ubuntu.com/ubuntu bionic/main amd64 libxdmcp6 amd64 1:1.1.2-3 [10.7 kB][0m
[0;32m    docker: Get:19 http://archive.ubuntu.com/ubuntu bionic-updates/main amd64 libxcb1 amd64 1.13-2~ubuntu18.04 [45.5 kB][0m
[0;32m    docker: Get:20 http://archive.ubuntu.com/ubuntu bionic-updates/main amd64 libx11-data all 2:1.6.4-3ubuntu0.2 [113 kB][0m
[0;32m    docker: Get:21 http://archive.ubuntu.com/ubuntu bionic-updates/main amd64 libx11-6 amd64 2:1.6.4-3ubuntu0.2 [569 kB][0m
[0;32m    docker: Get:22 http://archive.ubuntu.com/ubuntu bionic/main amd64 fonts-dejavu-core all 2.37-1 [1041 kB][0m
[0;32m    docker: Get:23 http://archive.ubuntu.com/ubuntu bionic/main amd64 fontconfig-config all 2.12.6-0ubuntu2 [55.8 kB][0m
[0;32m    docker: Get:24 http://archive.ubuntu.com/ubuntu bionic/main amd64 libfreetype6 amd64 2.8.1-2ubuntu2 [335 kB][0m
[0;32m    docker: Get:25 http://archive.ubuntu.com/ubuntu bionic/main amd64 libfontconfig1 amd64 2.12.6-0ubuntu2 [137 kB][0m
[0;32m    docker: Get:26 http://archive.ubuntu.com/ubuntu bionic/main amd64 libjpeg8 amd64 8c-2ubuntu8 [2194 B][0m
[0;32m    docker: Get:27 http://archive.ubuntu.com/ubuntu bionic/main amd64 libjbig0 amd64 2.1-3.1build1 [26.7 kB][0m
[0;32m    docker: Get:28 http://archive.ubuntu.com/ubuntu bionic-updates/main amd64 libtiff5 amd64 4.0.9-5ubuntu0.2 [153 kB][0m
[0;32m    docker: Get:29 http://archive.ubuntu.com/ubuntu bionic/main amd64 libwebp6 amd64 0.6.1-2 [185 kB][0m
[0;32m    docker: Get:30 http://archive.ubuntu.com/ubuntu bionic/main amd64 libxpm4 amd64 1:3.5.12-1 [34.0 kB][0m
[0;32m    docker: Get:31 http://archive.ubuntu.com/ubuntu bionic-updates/main amd64 libgd3 amd64 2.2.5-4ubuntu0.3 [119 kB][0m
[0;32m    docker: Get:32 http://archive.ubuntu.com/ubuntu bionic-updates/main amd64 nginx-common all 1.14.0-0ubuntu1.3 [37.4 kB][0m
[0;32m    docker: Get:33 http://archive.ubuntu.com/ubuntu bionic-updates/main amd64 libnginx-mod-http-geoip amd64 1.14.0-0ubuntu1.3 [11.2 kB][0m
[0;32m    docker: Get:34 http://archive.ubuntu.com/ubuntu bionic-updates/main amd64 libnginx-mod-http-image-filter amd64 1.14.0-0ubuntu1.3 [14.6 kB][0m
[0;32m    docker: Get:35 http://archive.ubuntu.com/ubuntu bionic-updates/main amd64 libxslt1.1 amd64 1.1.29-5ubuntu0.1 [150 kB][0m
[0;32m    docker: Get:36 http://archive.ubuntu.com/ubuntu bionic-updates/main amd64 libnginx-mod-http-xslt-filter amd64 1.14.0-0ubuntu1.3 [13.0 kB][0m
[0;32m    docker: Get:37 http://archive.ubuntu.com/ubuntu bionic-updates/main amd64 libnginx-mod-mail amd64 1.14.0-0ubuntu1.3 [41.9 kB][0m
[0;32m    docker: Get:38 http://archive.ubuntu.com/ubuntu bionic-updates/main amd64 libnginx-mod-stream amd64 1.14.0-0ubuntu1.3 [63.7 kB][0m
[0;32m    docker: Get:39 http://archive.ubuntu.com/ubuntu bionic-updates/main amd64 nginx-core amd64 1.14.0-0ubuntu1.3 [412 kB][0m
[0;32m    docker: Get:40 http://archive.ubuntu.com/ubuntu bionic-updates/main amd64 nginx all 1.14.0-0ubuntu1.3 [3596 B][0m
[0;32m    docker: debconf: delaying package configuration, since apt-utils is not installed[0m
[0;32m    docker: Fetched 17.1 MB in 9s (1854 kB/s)[0m
[0;32m    docker: Selecting previously unselected package multiarch-support.[0m
[0;32m    docker: (Reading database ... 4040 files and directories currently installed.)[0m
[0;32m    docker: Preparing to unpack .../multiarch-support_2.27-3ubuntu1_amd64.deb ...[0m
[0;32m    docker: Unpacking multiarch-support (2.27-3ubuntu1) ...[0m
[0;32m    docker: Setting up multiarch-support (2.27-3ubuntu1) ...[0m
[0;32m    docker: Selecting previously unselected package libxau6:amd64.[0m
[0;32m    docker: (Reading database ... 4043 files and directories currently installed.)[0m
[0;32m    docker: Preparing to unpack .../00-libxau6_1%3a1.0.8-1_amd64.deb ...[0m
[0;32m    docker: Unpacking libxau6:amd64 (1:1.0.8-1) ...[0m
[0;32m    docker: Selecting previously unselected package libjpeg-turbo8:amd64.[0m
[0;32m    docker: Preparing to unpack .../01-libjpeg-turbo8_1.5.2-0ubuntu5.18.04.1_amd64.deb ...[0m
[0;32m    docker: Unpacking libjpeg-turbo8:amd64 (1.5.2-0ubuntu5.18.04.1) ...[0m
[0;32m    docker: Selecting previously unselected package libelf1:amd64.[0m
[0;32m    docker: Preparing to unpack .../02-libelf1_0.170-0.4ubuntu0.1_amd64.deb ...[0m
[0;32m    docker: Unpacking libelf1:amd64 (0.170-0.4ubuntu0.1) ...[0m
[0;32m    docker: Selecting previously unselected package libmnl0:amd64.[0m
[0;32m    docker: Preparing to unpack .../03-libmnl0_1.0.4-2_amd64.deb ...[0m
[0;32m    docker: Unpacking libmnl0:amd64 (1.0.4-2) ...[0m
[0;32m    docker: Selecting previously unselected package iproute2.[0m
[0;32m    docker: Preparing to unpack .../04-iproute2_4.15.0-2ubuntu1_amd64.deb ...[0m
[0;32m    docker: Unpacking iproute2 (4.15.0-2ubuntu1) ...[0m
[0;32m    docker: Selecting previously unselected package libatm1:amd64.[0m
[0;32m    docker: Preparing to unpack .../05-libatm1_1%3a2.5.1-2build1_amd64.deb ...[0m
[0;32m    docker: Unpacking libatm1:amd64 (1:2.5.1-2build1) ...[0m
[0;32m    docker: Selecting previously unselected package libbsd0:amd64.[0m
[0;32m    docker: Preparing to unpack .../06-libbsd0_0.8.7-1_amd64.deb ...[0m
[0;32m    docker: Unpacking libbsd0:amd64 (0.8.7-1) ...[0m
[0;32m    docker: Selecting previously unselected package libexpat1:amd64.[0m
[0;32m    docker: Preparing to unpack .../07-libexpat1_2.2.5-3ubuntu0.1_amd64.deb ...[0m
[0;32m    docker: Unpacking libexpat1:amd64 (2.2.5-3ubuntu0.1) ...[0m
[0;32m    docker: Selecting previously unselected package libicu60:amd64.[0m
[0;32m    docker: Preparing to unpack .../08-libicu60_60.2-3ubuntu3_amd64.deb ...[0m
[0;32m    docker: Unpacking libicu60:amd64 (60.2-3ubuntu3) ...[0m
[0;32m    docker: Selecting previously unselected package libssl1.1:amd64.[0m
[0;32m    docker: Preparing to unpack .../09-libssl1.1_1.1.1-1ubuntu2.1~18.04.4_amd64.deb ...[0m
[0;32m    docker: Unpacking libssl1.1:amd64 (1.1.1-1ubuntu2.1~18.04.4) ...[0m
[0;32m    docker: Selecting previously unselected package libxml2:amd64.[0m
[0;32m    docker: Preparing to unpack .../10-libxml2_2.9.4+dfsg1-6.1ubuntu1.2_amd64.deb ...[0m
[0;32m    docker: Unpacking libxml2:amd64 (2.9.4+dfsg1-6.1ubuntu1.2) ...[0m
[0;32m    docker: Selecting previously unselected package libxtables12:amd64.[0m
[0;32m    docker: Preparing to unpack .../11-libxtables12_1.6.1-2ubuntu2_amd64.deb ...[0m
[0;32m    docker: Unpacking libxtables12:amd64 (1.6.1-2ubuntu2) ...[0m
[0;32m    docker: Selecting previously unselected package ucf.[0m
[0;32m    docker: Preparing to unpack .../12-ucf_3.0038_all.deb ...[0m
[0;32m    docker: Moving old data out of the way[0m
[0;32m    docker: Unpacking ucf (3.0038) ...[0m
[0;32m    docker: Selecting previously unselected package geoip-database.[0m
[0;32m    docker: Preparing to unpack .../13-geoip-database_20180315-1_all.deb ...[0m
[0;32m    docker: Unpacking geoip-database (20180315-1) ...[0m
[0;32m    docker: Selecting previously unselected package libgeoip1:amd64.[0m
[0;32m    docker: Preparing to unpack .../14-libgeoip1_1.6.12-1_amd64.deb ...[0m
[0;32m    docker: Unpacking libgeoip1:amd64 (1.6.12-1) ...[0m
[0;32m    docker: Selecting previously unselected package libpng16-16:amd64.[0m
[0;32m    docker: Preparing to unpack .../15-libpng16-16_1.6.34-1ubuntu0.18.04.2_amd64.deb ...[0m
[0;32m    docker: Unpacking libpng16-16:amd64 (1.6.34-1ubuntu0.18.04.2) ...[0m
[0;32m    docker: Selecting previously unselected package libxdmcp6:amd64.[0m
[0;32m    docker: Preparing to unpack .../16-libxdmcp6_1%3a1.1.2-3_amd64.deb ...[0m
[0;32m    docker: Unpacking libxdmcp6:amd64 (1:1.1.2-3) ...[0m
[0;32m    docker: Selecting previously unselected package libxcb1:amd64.[0m
[0;32m    docker: Preparing to unpack .../17-libxcb1_1.13-2~ubuntu18.04_amd64.deb ...[0m
[0;32m    docker: Unpacking libxcb1:amd64 (1.13-2~ubuntu18.04) ...[0m
[0;32m    docker: Selecting previously unselected package libx11-data.[0m
[0;32m    docker: Preparing to unpack .../18-libx11-data_2%3a1.6.4-3ubuntu0.2_all.deb ...[0m
[0;32m    docker: Unpacking libx11-data (2:1.6.4-3ubuntu0.2) ...[0m
[0;32m    docker: Selecting previously unselected package libx11-6:amd64.[0m
[0;32m    docker: Preparing to unpack .../19-libx11-6_2%3a1.6.4-3ubuntu0.2_amd64.deb ...[0m
[0;32m    docker: Unpacking libx11-6:amd64 (2:1.6.4-3ubuntu0.2) ...[0m
[0;32m    docker: Selecting previously unselected package fonts-dejavu-core.[0m
[0;32m    docker: Preparing to unpack .../20-fonts-dejavu-core_2.37-1_all.deb ...[0m
[0;32m    docker: Unpacking fonts-dejavu-core (2.37-1) ...[0m
[0;32m    docker: Selecting previously unselected package fontconfig-config.[0m
[0;32m    docker: Preparing to unpack .../21-fontconfig-config_2.12.6-0ubuntu2_all.deb ...[0m
[0;32m    docker: Unpacking fontconfig-config (2.12.6-0ubuntu2) ...[0m
[0;32m    docker: Selecting previously unselected package libfreetype6:amd64.[0m
[0;32m    docker: Preparing to unpack .../22-libfreetype6_2.8.1-2ubuntu2_amd64.deb ...[0m
[0;32m    docker: Unpacking libfreetype6:amd64 (2.8.1-2ubuntu2) ...[0m
[0;32m    docker: Selecting previously unselected package libfontconfig1:amd64.[0m
[0;32m    docker: Preparing to unpack .../23-libfontconfig1_2.12.6-0ubuntu2_amd64.deb ...[0m
[0;32m    docker: Unpacking libfontconfig1:amd64 (2.12.6-0ubuntu2) ...[0m
[0;32m    docker: Selecting previously unselected package libjpeg8:amd64.[0m
[0;32m    docker: Preparing to unpack .../24-libjpeg8_8c-2ubuntu8_amd64.deb ...[0m
[0;32m    docker: Unpacking libjpeg8:amd64 (8c-2ubuntu8) ...[0m
[0;32m    docker: Selecting previously unselected package libjbig0:amd64.[0m
[0;32m    docker: Preparing to unpack .../25-libjbig0_2.1-3.1build1_amd64.deb ...[0m
[0;32m    docker: Unpacking libjbig0:amd64 (2.1-3.1build1) ...[0m
[0;32m    docker: Selecting previously unselected package libtiff5:amd64.[0m
[0;32m    docker: Preparing to unpack .../26-libtiff5_4.0.9-5ubuntu0.2_amd64.deb ...[0m
[0;32m    docker: Unpacking libtiff5:amd64 (4.0.9-5ubuntu0.2) ...[0m
[0;32m    docker: Selecting previously unselected package libwebp6:amd64.[0m
[0;32m    docker: Preparing to unpack .../27-libwebp6_0.6.1-2_amd64.deb ...[0m
[0;32m    docker: Unpacking libwebp6:amd64 (0.6.1-2) ...[0m
[0;32m    docker: Selecting previously unselected package libxpm4:amd64.[0m
[0;32m    docker: Preparing to unpack .../28-libxpm4_1%3a3.5.12-1_amd64.deb ...[0m
[0;32m    docker: Unpacking libxpm4:amd64 (1:3.5.12-1) ...[0m
[0;32m    docker: Selecting previously unselected package libgd3:amd64.[0m
[0;32m    docker: Preparing to unpack .../29-libgd3_2.2.5-4ubuntu0.3_amd64.deb ...[0m
[0;32m    docker: Unpacking libgd3:amd64 (2.2.5-4ubuntu0.3) ...[0m
[0;32m    docker: Selecting previously unselected package nginx-common.[0m
[0;32m    docker: Preparing to unpack .../30-nginx-common_1.14.0-0ubuntu1.3_all.deb ...[0m
[0;32m    docker: Unpacking nginx-common (1.14.0-0ubuntu1.3) ...[0m
[0;32m    docker: Selecting previously unselected package libnginx-mod-http-geoip.[0m
[0;32m    docker: Preparing to unpack .../31-libnginx-mod-http-geoip_1.14.0-0ubuntu1.3_amd64.deb ...[0m
[0;32m    docker: Unpacking libnginx-mod-http-geoip (1.14.0-0ubuntu1.3) ...[0m
[0;32m    docker: Selecting previously unselected package libnginx-mod-http-image-filter.[0m
[0;32m    docker: Preparing to unpack .../32-libnginx-mod-http-image-filter_1.14.0-0ubuntu1.3_amd64.deb ...[0m
[0;32m    docker: Unpacking libnginx-mod-http-image-filter (1.14.0-0ubuntu1.3) ...[0m
[0;32m    docker: Selecting previously unselected package libxslt1.1:amd64.[0m
[0;32m    docker: Preparing to unpack .../33-libxslt1.1_1.1.29-5ubuntu0.1_amd64.deb ...[0m
[0;32m    docker: Unpacking libxslt1.1:amd64 (1.1.29-5ubuntu0.1) ...[0m
[0;32m    docker: Selecting previously unselected package libnginx-mod-http-xslt-filter.[0m
[0;32m    docker: Preparing to unpack .../34-libnginx-mod-http-xslt-filter_1.14.0-0ubuntu1.3_amd64.deb ...[0m
[0;32m    docker: Unpacking libnginx-mod-http-xslt-filter (1.14.0-0ubuntu1.3) ...[0m
[0;32m    docker: Selecting previously unselected package libnginx-mod-mail.[0m
[0;32m    docker: Preparing to unpack .../35-libnginx-mod-mail_1.14.0-0ubuntu1.3_amd64.deb ...[0m
[0;32m    docker: Unpacking libnginx-mod-mail (1.14.0-0ubuntu1.3) ...[0m
[0;32m    docker: Selecting previously unselected package libnginx-mod-stream.[0m
[0;32m    docker: Preparing to unpack .../36-libnginx-mod-stream_1.14.0-0ubuntu1.3_amd64.deb ...[0m
[0;32m    docker: Unpacking libnginx-mod-stream (1.14.0-0ubuntu1.3) ...[0m
[0;32m    docker: Selecting previously unselected package nginx-core.[0m
[0;32m    docker: Preparing to unpack .../37-nginx-core_1.14.0-0ubuntu1.3_amd64.deb ...[0m
[0;32m    docker: Unpacking nginx-core (1.14.0-0ubuntu1.3) ...[0m
[0;32m    docker: Selecting previously unselected package nginx.[0m
[0;32m    docker: Preparing to unpack .../38-nginx_1.14.0-0ubuntu1.3_all.deb ...[0m
[0;32m    docker: Unpacking nginx (1.14.0-0ubuntu1.3) ...[0m
[0;32m    docker: Setting up libexpat1:amd64 (2.2.5-3ubuntu0.1) ...[0m
[0;32m    docker: Setting up libicu60:amd64 (60.2-3ubuntu3) ...[0m
[0;32m    docker: Setting up geoip-database (20180315-1) ...[0m
[0;32m    docker: Setting up libpng16-16:amd64 (1.6.34-1ubuntu0.18.04.2) ...[0m
[0;32m    docker: Setting up libjbig0:amd64 (2.1-3.1build1) ...[0m
[0;32m    docker: Setting up fonts-dejavu-core (2.37-1) ...[0m
[0;32m    docker: Setting up libelf1:amd64 (0.170-0.4ubuntu0.1) ...[0m
[0;32m    docker: Setting up nginx-common (1.14.0-0ubuntu1.3) ...[0m
[0;32m    docker: debconf: unable to initialize frontend: Dialog[0m
[0;32m    docker: debconf: (TERM is not set, so the dialog frontend is not usable.)[0m
[0;32m    docker: debconf: falling back to frontend: Readline[0m
[0;32m    docker: debconf: unable to initialize frontend: Readline[0m
[0;32m    docker: debconf: (Can't locate Term/ReadLine.pm in @INC (you may need to install the Term::ReadLine module) (@INC contains: /etc/perl /usr/local/lib/x86_64-linux-gnu/perl/5.26.1 /usr/local/share/perl/5.26.1 /usr/lib/x86_64-linux-gnu/perl5/5.26 /usr/share/perl5 /usr/lib/x86_64-linux-gnu/perl/5.26 /usr/share/perl/5.26 /usr/local/lib/site_perl /usr/lib/x86_64-linux-gnu/perl-base) at /usr/share/perl5/Debconf/FrontEnd/Readline.pm line 7.)[0m
[0;32m    docker: debconf: falling back to frontend: Teletype[0m
[0;32m    docker: Setting up libjpeg-turbo8:amd64 (1.5.2-0ubuntu5.18.04.1) ...[0m
[0;32m    docker: Setting up libgeoip1:amd64 (1.6.12-1) ...[0m
[0;32m    docker: Setting up libbsd0:amd64 (0.8.7-1) ...[0m
[0;32m    docker: Setting up ucf (3.0038) ...[0m
[0;32m    docker: debconf: unable to initialize frontend: Dialog[0m
[0;32m    docker: debconf: (TERM is not set, so the dialog frontend is not usable.)[0m
[0;32m    docker: debconf: falling back to frontend: Readline[0m
[0;32m    docker: debconf: unable to initialize frontend: Readline[0m
[0;32m    docker: debconf: (Can't locate Term/ReadLine.pm in @INC (you may need to install the Term::ReadLine module) (@INC contains: /etc/perl /usr/local/lib/x86_64-linux-gnu/perl/5.26.1 /usr/local/share/perl/5.26.1 /usr/lib/x86_64-linux-gnu/perl5/5.26 /usr/share/perl5 /usr/lib/x86_64-linux-gnu/perl/5.26 /usr/share/perl/5.26 /usr/local/lib/site_perl /usr/lib/x86_64-linux-gnu/perl-base) at /usr/share/perl5/Debconf/FrontEnd/Readline.pm line 7.)[0m
[0;32m    docker: debconf: falling back to frontend: Teletype[0m
[0;32m    docker: Setting up libxml2:amd64 (2.9.4+dfsg1-6.1ubuntu1.2) ...[0m
[0;32m    docker: Setting up libfreetype6:amd64 (2.8.1-2ubuntu2) ...[0m
[0;32m    docker: Setting up libxslt1.1:amd64 (1.1.29-5ubuntu0.1) ...[0m
[0;32m    docker: Processing triggers for libc-bin (2.27-3ubuntu1) ...[0m
[0;32m    docker: Setting up libatm1:amd64 (1:2.5.1-2build1) ...[0m
[0;32m    docker: Setting up libxtables12:amd64 (1.6.1-2ubuntu2) ...[0m
[0;32m    docker: Setting up libssl1.1:amd64 (1.1.1-1ubuntu2.1~18.04.4) ...[0m
[0;32m    docker: debconf: unable to initialize frontend: Dialog[0m
[0;32m    docker: debconf: (TERM is not set, so the dialog frontend is not usable.)[0m
[0;32m    docker: debconf: falling back to frontend: Readline[0m
[0;32m    docker: debconf: unable to initialize frontend: Readline[0m
[0;32m    docker: debconf: (Can't locate Term/ReadLine.pm in @INC (you may need to install the Term::ReadLine module) (@INC contains: /etc/perl /usr/local/lib/x86_64-linux-gnu/perl/5.26.1 /usr/local/share/perl/5.26.1 /usr/lib/x86_64-linux-gnu/perl5/5.26 /usr/share/perl5 /usr/lib/x86_64-linux-gnu/perl/5.26 /usr/share/perl/5.26 /usr/local/lib/site_perl /usr/lib/x86_64-linux-gnu/perl-base) at /usr/share/perl5/Debconf/FrontEnd/Readline.pm line 7.)[0m
[0;32m    docker: debconf: falling back to frontend: Teletype[0m
[0;32m    docker: Setting up libnginx-mod-mail (1.14.0-0ubuntu1.3) ...[0m
[0;32m    docker: Setting up libnginx-mod-http-xslt-filter (1.14.0-0ubuntu1.3) ...[0m
[0;32m    docker: Setting up libxdmcp6:amd64 (1:1.1.2-3) ...[0m
[0;32m    docker: Setting up libmnl0:amd64 (1.0.4-2) ...[0m
[0;32m    docker: Setting up libnginx-mod-http-geoip (1.14.0-0ubuntu1.3) ...[0m
[0;32m    docker: Setting up libx11-data (2:1.6.4-3ubuntu0.2) ...[0m
[0;32m    docker: Setting up libxau6:amd64 (1:1.0.8-1) ...[0m
[0;32m    docker: Setting up libwebp6:amd64 (0.6.1-2) ...[0m
[0;32m    docker: Setting up libjpeg8:amd64 (8c-2ubuntu8) ...[0m
[0;32m    docker: Setting up fontconfig-config (2.12.6-0ubuntu2) ...[0m
[0;32m    docker: Setting up libnginx-mod-stream (1.14.0-0ubuntu1.3) ...[0m
[0;32m    docker: Setting up libtiff5:amd64 (4.0.9-5ubuntu0.2) ...[0m
[0;32m    docker: Setting up iproute2 (4.15.0-2ubuntu1) ...[0m
[0;32m    docker: Setting up libxcb1:amd64 (1.13-2~ubuntu18.04) ...[0m
[0;32m    docker: Setting up libfontconfig1:amd64 (2.12.6-0ubuntu2) ...[0m
[0;32m    docker: Setting up libx11-6:amd64 (2:1.6.4-3ubuntu0.2) ...[0m
[0;32m    docker: Setting up libxpm4:amd64 (1:3.5.12-1) ...[0m
[0;32m    docker: Setting up libgd3:amd64 (2.2.5-4ubuntu0.3) ...[0m
[0;32m    docker: Setting up libnginx-mod-http-image-filter (1.14.0-0ubuntu1.3) ...[0m
[0;32m    docker: Setting up nginx-core (1.14.0-0ubuntu1.3) ...[0m
[0;32m    docker: invoke-rc.d: could not determine current runlevel[0m
[0;32m    docker: invoke-rc.d: policy-rc.d denied execution of start.[0m
[0;32m    docker: Setting up nginx (1.14.0-0ubuntu1.3) ...[0m
[0;32m    docker: Processing triggers for libc-bin (2.27-3ubuntu1) ...[0m
[1;32m==> docker: Committing the container[0m
[0;32m    docker: Image ID: sha256:c3f6ca26f71cec20902b0c747e0a4ba49d32498e879a05760c44809a3f4c3e0c[0m
[1;32m==> docker: Killing the container: d74dcc0b9d216699a1910f21d124c32f1077cd49473cbd9c37b1416f23a55863[0m
[1;32m==> docker: Running post-processor: docker-tag[0m
[0;32m    docker (docker-tag): Tagging image: sha256:c3f6ca26f71cec20902b0c747e0a4ba49d32498e879a05760c44809a3f4c3e0c[0m
[0;32m    docker (docker-tag): Repository: setevoy/ubuntu_nginx:1.0[0m
[1;32mBuild 'docker' finished.[0m

==> Builds finished. The artifacts of successful builds are:
--> docker: Imported Docker image: sha256:c3f6ca26f71cec20902b0c747e0a4ba49d32498e879a05760c44809a3f4c3e0c
--> docker: Imported Docker image: setevoy/ubuntu_nginx:1.0
